<?xml version="1.0" encoding="UTF-8"?>
<testng-results skipped="0" failed="0" total="1" passed="1">
  <reporter-output>
  </reporter-output>
  <suite name="Surefire suite" duration-ms="9196" started-at="2019-11-18T14:00:23Z" finished-at="2019-11-18T14:00:33Z">
    <groups>
    </groups>
    <test name="Surefire test" duration-ms="9196" started-at="2019-11-18T14:00:23Z" finished-at="2019-11-18T14:00:33Z">
      <class name="com.ae.SpringKafkaAEApplicationTest">
        <test-method status="PASS" signature="testReceive()[pri:0, instance:testReceive(com.ae.SpringKafkaAEApplicationTest)]" name="testReceive" duration-ms="499" started-at="2019-11-18T14:00:30Z" finished-at="2019-11-18T14:00:30Z">
          <reporter-output>
          </reporter-output>
        </test-method> <!-- testReceive -->
      </class> <!-- com.ae.SpringKafkaAEApplicationTest -->
    </test> <!-- Surefire test -->
  </suite> <!-- Surefire suite -->
</testng-results>
