<?xml version="1.0" encoding="UTF-8"?>
<testsuite xmlns:xsi="http://www.w3.org/2001/XMLSchema-instance" xsi:noNamespaceSchemaLocation="https://maven.apache.org/surefire/maven-surefire-plugin/xsd/surefire-test-report.xsd" name="com.ae.SpringKafkaAEApplicationTest" time="9.737" tests="1" errors="0" skipped="0" failures="0">
  <properties>
[...]
</properties>
  <testcase name="testReceive on testReceive(com.ae.SpringKafkaAEApplicationTest)" classname="com.ae.SpringKafkaAEApplicationTest" time="0.498"/>
</testsuite>